<?xml version="1.0" encoding="UTF-8"?>
<testng-results skipped="0" failed="0" ignored="0" total="1" passed="1">
  <reporter-output>
  </reporter-output>
  <suite name="Default suite" duration-ms="8112" started-at="2021-05-27T12:08:51 CDT" finished-at="2021-05-27T12:08:59 CDT">
    <groups>
    </groups>
    <test name="Default test" duration-ms="8112" started-at="2021-05-27T12:08:51 CDT" finished-at="2021-05-27T12:08:59 CDT">
      <class name="test.AddCustomerTest">
        <test-method status="PASS" signature="validCustomerShouldBeAbleToCreateCustomer()[pri:0, instance:test.AddCustomerTest@1786dec2]" name="validCustomerShouldBeAbleToCreateCustomer" duration-ms="8053" started-at="2021-05-27T12:08:51 CDT" finished-at="2021-05-27T12:08:59 CDT">
          <reporter-output>
          </reporter-output>
        </test-method> <!-- validCustomerShouldBeAbleToCreateCustomer -->
      </class> <!-- test.AddCustomerTest -->
    </test> <!-- Default test -->
  </suite> <!-- Default suite -->
</testng-results>
